INF	[2025-02-15T14:32:34.772Z]	"Logger initialized"
INF	[2025-02-15T14:32:37.282Z]	"🚀 크롤링 시작"
LOG	[2025-02-15T14:32:37.300Z]	"🔑 로그인 중"
LOG	[2025-02-15T14:32:40.413Z]	"🔑 로그인 완료"
LOG	[2025-02-15T14:32:51.776Z]	"🔍 상품 정보 수집 중[1/10]: 12831"
LOG	[2025-02-15T14:33:23.037Z]	"📦 상품 정보 수집 완료[1/10]: 12831"
LOG	[2025-02-15T14:33:23.037Z]	"🕒 소요 시간: 31261ms"
LOG	[2025-02-15T14:33:26.923Z]	"🔍 상품 정보 수집 중[2/10]: 21935"
LOG	[2025-02-15T14:33:58.416Z]	"📦 상품 정보 수집 완료[2/10]: 21935"
LOG	[2025-02-15T14:33:58.416Z]	"🕒 소요 시간: 31493ms"
LOG	[2025-02-15T14:34:00.807Z]	"🔍 상품 정보 수집 중[3/10]: 441592"
LOG	[2025-02-15T14:34:30.060Z]	"📦 상품 정보 수집 완료[3/10]: 441592"
LOG	[2025-02-15T14:34:30.060Z]	"🕒 소요 시간: 29253ms"
LOG	[2025-02-15T14:34:33.383Z]	"🔍 상품 정보 수집 중[4/10]: 36"
LOG	[2025-02-15T14:35:04.652Z]	"📦 상품 정보 수집 완료[4/10]: 36"
LOG	[2025-02-15T14:35:04.652Z]	"🕒 소요 시간: 31269ms"
LOG	[2025-02-15T14:35:07.534Z]	"🔍 상품 정보 수집 중[5/10]: 250825"
LOG	[2025-02-15T14:35:38.768Z]	"📦 상품 정보 수집 완료[5/10]: 250825"
LOG	[2025-02-15T14:35:38.769Z]	"🕒 소요 시간: 31235ms"
LOG	[2025-02-15T14:35:41.752Z]	"🔍 상품 정보 수집 중[6/10]: 219423"
LOG	[2025-02-15T14:36:12.955Z]	"📦 상품 정보 수집 완료[6/10]: 219423"
LOG	[2025-02-15T14:36:12.955Z]	"🕒 소요 시간: 31203ms"
LOG	[2025-02-15T14:36:17.201Z]	"🔍 상품 정보 수집 중[7/10]: 13100"
LOG	[2025-02-15T14:36:48.501Z]	"📦 상품 정보 수집 완료[7/10]: 13100"
LOG	[2025-02-15T14:36:48.501Z]	"🕒 소요 시간: 31300ms"
LOG	[2025-02-15T14:36:51.508Z]	"🔍 상품 정보 수집 중[8/10]: 266889"
LOG	[2025-02-15T14:37:22.806Z]	"📦 상품 정보 수집 완료[8/10]: 266889"
LOG	[2025-02-15T14:37:22.806Z]	"🕒 소요 시간: 31298ms"
LOG	[2025-02-15T14:37:26.777Z]	"🔍 상품 정보 수집 중[9/10]: 179981"
LOG	[2025-02-15T14:37:58.046Z]	"📦 상품 정보 수집 완료[9/10]: 179981"
LOG	[2025-02-15T14:37:58.046Z]	"🕒 소요 시간: 31269ms"
LOG	[2025-02-15T14:38:00.906Z]	"🔍 상품 정보 수집 중[10/10]: 21441"
LOG	[2025-02-15T14:38:32.192Z]	"📦 상품 정보 수집 완료[10/10]: 21441"
LOG	[2025-02-15T14:38:32.192Z]	"🕒 소요 시간: 31286ms"
LOG	[2025-02-15T14:38:37.583Z]	"🔍 상품 정보 수집 중[1/10]: 15251"
LOG	[2025-02-15T14:39:08.965Z]	"📦 상품 정보 수집 완료[1/10]: 15251"
LOG	[2025-02-15T14:39:08.965Z]	"🕒 소요 시간: 31382ms"
LOG	[2025-02-15T14:39:12.947Z]	"🔍 상품 정보 수집 중[2/10]: 82296"
LOG	[2025-02-15T14:39:44.193Z]	"📦 상품 정보 수집 완료[2/10]: 82296"
LOG	[2025-02-15T14:39:44.193Z]	"🕒 소요 시간: 31246ms"
LOG	[2025-02-15T14:39:48.520Z]	"🔍 상품 정보 수집 중[3/10]: 15248"
LOG	[2025-02-15T14:40:19.761Z]	"📦 상품 정보 수집 완료[3/10]: 15248"
LOG	[2025-02-15T14:40:19.761Z]	"🕒 소요 시간: 31241ms"
LOG	[2025-02-15T14:40:22.889Z]	"🔍 상품 정보 수집 중[4/10]: 26344"
LOG	[2025-02-15T14:40:54.251Z]	"📦 상품 정보 수집 완료[4/10]: 26344"
LOG	[2025-02-15T14:40:54.251Z]	"🕒 소요 시간: 31362ms"
LOG	[2025-02-15T14:40:57.361Z]	"🔍 상품 정보 수집 중[5/10]: 96970"
LOG	[2025-02-15T14:41:28.606Z]	"📦 상품 정보 수집 완료[5/10]: 96970"
LOG	[2025-02-15T14:41:28.607Z]	"🕒 소요 시간: 31246ms"
LOG	[2025-02-15T14:41:32.329Z]	"🔍 상품 정보 수집 중[6/10]: 216830"
LOG	[2025-02-15T14:42:03.569Z]	"📦 상품 정보 수집 완료[6/10]: 216830"
LOG	[2025-02-15T14:42:03.569Z]	"🕒 소요 시간: 31240ms"
LOG	[2025-02-15T14:42:06.714Z]	"🔍 상품 정보 수집 중[7/10]: 122782"
LOG	[2025-02-15T14:42:38.001Z]	"📦 상품 정보 수집 완료[7/10]: 122782"
LOG	[2025-02-15T14:42:38.002Z]	"🕒 소요 시간: 31288ms"
LOG	[2025-02-15T14:42:41.069Z]	"🔍 상품 정보 수집 중[8/10]: 350536"
LOG	[2025-02-15T14:43:12.355Z]	"📦 상품 정보 수집 완료[8/10]: 350536"
LOG	[2025-02-15T14:43:12.356Z]	"🕒 소요 시간: 31287ms"
LOG	[2025-02-15T14:43:15.475Z]	"🔍 상품 정보 수집 중[9/10]: 377230"
LOG	[2025-02-15T14:43:46.828Z]	"📦 상품 정보 수집 완료[9/10]: 377230"
LOG	[2025-02-15T14:43:46.828Z]	"🕒 소요 시간: 31353ms"
LOG	[2025-02-15T14:43:50.817Z]	"🔍 상품 정보 수집 중[10/10]: 15889"
LOG	[2025-02-15T14:44:22.104Z]	"📦 상품 정보 수집 완료[10/10]: 15889"
LOG	[2025-02-15T14:44:22.105Z]	"🕒 소요 시간: 31288ms"
INF	[2025-02-15T14:44:22.437Z]	"🎉 크롤링 완료"
INF	[2025-02-15T14:44:22.437Z]	"🕒 총 소요 시간: 707666ms"
INF	[2025-02-15T14:44:22.437Z]	"🕒 소요 시간 보고서"
INF	[2025-02-15T14:44:22.437Z]	"🕒 최소 소요 시간: 1739629971776ms"
INF	[2025-02-15T14:44:22.437Z]	"🕒 최대 소요 시간: 1739630630817ms"
